app/build/intermediates/manifest_merge_blame_file/debug/processDebugMainManifest/manifest-merger-blame-debug-report.txt
1<?xml version="1.0" encoding="utf-8"?>
2<manifest xmlns:android="http://schemas.android.com/apk/res/android"
3    package="com.example.chatfirebase"
4    android:versionCode="1"
5    android:versionName="1.0" >
6
7    <uses-sdk
8        android:minSdkVersion="28"
9        android:targetSdkVersion="34" />
10
11    <uses-permission android:name="android.permission.INTERNET" />
11-->[com.google.firebase:firebase-auth:23.2.1] AndroidManifest.xml:25:5-67
11-->[com.google.firebase:firebase-auth:23.2.1] AndroidManifest.xml:25:22-64
12    <uses-permission android:name="android.permission.ACCESS_NETWORK_STATE" />
12-->[com.google.firebase:firebase-auth:23.2.1] AndroidManifest.xml:26:5-79
12-->[com.google.firebase:firebase-auth:23.2.1] AndroidManifest.xml:26:22-76
13    <uses-permission android:name="com.google.android.providers.gsf.permission.READ_GSERVICES" />
13-->[com.google.android.recaptcha:recaptcha:18.6.1] AndroidManifest.xml:9:5-98
13-->[com.google.android.recaptcha:recaptcha:18.6.1] AndroidManifest.xml:9:22-95
14
15    <permission
15-->[androidx.core:core:1.9.0] AndroidManifest.xml:22:5-24:47
16        android:name="com.example.chatfirebase.DYNAMIC_RECEIVER_NOT_EXPORTED_PERMISSION"
16-->[androidx.core:core:1.9.0] AndroidManifest.xml:23:9-81
17        android:protectionLevel="signature" />
17-->[androidx.core:core:1.9.0] AndroidManifest.xml:24:9-44
18
19    <uses-permission android:name="com.example.chatfirebase.DYNAMIC_RECEIVER_NOT_EXPORTED_PERMISSION" />
19-->[androidx.core:core:1.9.0] AndroidManifest.xml:26:5-97
19-->[androidx.core:core:1.9.0] AndroidManifest.xml:26:22-94
20
21    <application
21-->src\main\AndroidManifest.xml:5:5-32:19
22        android:allowBackup="true"
22-->src\main\AndroidManifest.xml:6:9-35
23        android:appComponentFactory="androidx.core.app.CoreComponentFactory"
23-->[androidx.core:core:1.9.0] AndroidManifest.xml:28:18-86
24        android:dataExtractionRules="@xml/data_extraction_rules"
24-->src\main\AndroidManifest.xml:7:9-65
25        android:debuggable="true"
26        android:extractNativeLibs="false"
27        android:fullBackupContent="@xml/backup_rules"
27-->src\main\AndroidManifest.xml:8:9-54
28        android:icon="@mipmap/chat_logo"
28-->src\main\AndroidManifest.xml:9:9-41
29        android:label="@string/app_name"
29-->src\main\AndroidManifest.xml:10:9-41
30        android:supportsRtl="true"
30-->src\main\AndroidManifest.xml:11:9-35
31        android:testOnly="true"
32        android:theme="@style/Theme.AppCompat.NoActionBar" >
32-->src\main\AndroidManifest.xml:12:9-59
33        <activity
33-->src\main\AndroidManifest.xml:14:9-22:20
34            android:name="com.example.chatfirebase.ui.authentification.LoginAndRegisterActivity"
34-->src\main\AndroidManifest.xml:15:13-73
35            android:exported="true" >
35-->src\main\AndroidManifest.xml:16:13-36
36            <intent-filter>
36-->src\main\AndroidManifest.xml:17:9-21:25
37                <action android:name="android.intent.action.MAIN" />
37-->src\main\AndroidManifest.xml:18:13-65
37-->src\main\AndroidManifest.xml:18:21-62
38
39                <category android:name="android.intent.category.LAUNCHER" />
39-->src\main\AndroidManifest.xml:20:13-73
39-->src\main\AndroidManifest.xml:20:23-70
40            </intent-filter>
41        </activity>
42        <activity
42-->src\main\AndroidManifest.xml:23:9-25:40
43            android:name="com.example.chatfirebase.ui.profile.ProfileActivity"
43-->src\main\AndroidManifest.xml:24:13-55
44            android:exported="false" />
44-->src\main\AndroidManifest.xml:25:13-37
45        <activity
45-->src\main\AndroidManifest.xml:26:9-28:40
46            android:name="com.example.chatfirebase.ui.chat.ChatActivity"
46-->src\main\AndroidManifest.xml:27:13-49
47            android:exported="false" />
47-->src\main\AndroidManifest.xml:28:13-37
48        <activity
48-->src\main\AndroidManifest.xml:29:9-31:40
49            android:name="com.example.chatfirebase.ui.chat.ChatFragment"
49-->src\main\AndroidManifest.xml:30:13-49
50            android:exported="false" />
50-->src\main\AndroidManifest.xml:31:13-37
51        <activity
51-->[com.google.firebase:firebase-auth:23.2.1] AndroidManifest.xml:29:9-46:20
52            android:name="com.google.firebase.auth.internal.GenericIdpActivity"
52-->[com.google.firebase:firebase-auth:23.2.1] AndroidManifest.xml:30:13-80
53            android:excludeFromRecents="true"
53-->[com.google.firebase:firebase-auth:23.2.1] AndroidManifest.xml:31:13-46
54            android:exported="true"
54-->[com.google.firebase:firebase-auth:23.2.1] AndroidManifest.xml:32:13-36
55            android:launchMode="singleTask"
55-->[com.google.firebase:firebase-auth:23.2.1] AndroidManifest.xml:33:13-44
56            android:theme="@android:style/Theme.Translucent.NoTitleBar" >
56-->[com.google.firebase:firebase-auth:23.2.1] AndroidManifest.xml:34:13-72
57            <intent-filter>
57-->[com.google.firebase:firebase-auth:23.2.1] AndroidManifest.xml:35:13-45:29
58                <action android:name="android.intent.action.VIEW" />
58-->[com.google.firebase:firebase-auth:23.2.1] AndroidManifest.xml:36:17-69
58-->[com.google.firebase:firebase-auth:23.2.1] AndroidManifest.xml:36:25-66
59
60                <category android:name="android.intent.category.DEFAULT" />
60-->[com.google.firebase:firebase-auth:23.2.1] AndroidManifest.xml:38:17-76
60-->[com.google.firebase:firebase-auth:23.2.1] AndroidManifest.xml:38:27-73
61                <category android:name="android.intent.category.BROWSABLE" />
61-->[com.google.firebase:firebase-auth:23.2.1] AndroidManifest.xml:39:17-78
61-->[com.google.firebase:firebase-auth:23.2.1] AndroidManifest.xml:39:27-75
62
63                <data
63-->[com.google.firebase:firebase-auth:23.2.1] AndroidManifest.xml:41:17-44:51
64                    android:host="firebase.auth"
64-->[com.google.firebase:firebase-auth:23.2.1] AndroidManifest.xml:42:21-49
65                    android:path="/"
65-->[com.google.firebase:firebase-auth:23.2.1] AndroidManifest.xml:43:21-37
66                    android:scheme="genericidp" />
66-->[com.google.firebase:firebase-auth:23.2.1] AndroidManifest.xml:44:21-48
67            </intent-filter>
68        </activity>
69        <activity
69-->[com.google.firebase:firebase-auth:23.2.1] AndroidManifest.xml:47:9-64:20
70            android:name="com.google.firebase.auth.internal.RecaptchaActivity"
70-->[com.google.firebase:firebase-auth:23.2.1] AndroidManifest.xml:48:13-79
71            android:excludeFromRecents="true"
71-->[com.google.firebase:firebase-auth:23.2.1] AndroidManifest.xml:49:13-46
72            android:exported="true"
72-->[com.google.firebase:firebase-auth:23.2.1] AndroidManifest.xml:50:13-36
73            android:launchMode="singleTask"
73-->[com.google.firebase:firebase-auth:23.2.1] AndroidManifest.xml:51:13-44
74            android:theme="@android:style/Theme.Translucent.NoTitleBar" >
74-->[com.google.firebase:firebase-auth:23.2.1] AndroidManifest.xml:52:13-72
75            <intent-filter>
75-->[com.google.firebase:firebase-auth:23.2.1] AndroidManifest.xml:53:13-63:29
76                <action android:name="android.intent.action.VIEW" />
76-->[com.google.firebase:firebase-auth:23.2.1] AndroidManifest.xml:36:17-69
76-->[com.google.firebase:firebase-auth:23.2.1] AndroidManifest.xml:36:25-66
77
78                <category android:name="android.intent.category.DEFAULT" />
78-->[com.google.firebase:firebase-auth:23.2.1] AndroidManifest.xml:38:17-76
78-->[com.google.firebase:firebase-auth:23.2.1] AndroidManifest.xml:38:27-73
79                <category android:name="android.intent.category.BROWSABLE" />
79-->[com.google.firebase:firebase-auth:23.2.1] AndroidManifest.xml:39:17-78
79-->[com.google.firebase:firebase-auth:23.2.1] AndroidManifest.xml:39:27-75
80
81                <data
81-->[com.google.firebase:firebase-auth:23.2.1] AndroidManifest.xml:41:17-44:51
82                    android:host="firebase.auth"
82-->[com.google.firebase:firebase-auth:23.2.1] AndroidManifest.xml:42:21-49
83                    android:path="/"
83-->[com.google.firebase:firebase-auth:23.2.1] AndroidManifest.xml:43:21-37
84                    android:scheme="recaptcha" />
84-->[com.google.firebase:firebase-auth:23.2.1] AndroidManifest.xml:44:21-48
85            </intent-filter>
86        </activity>
87
88        <service
88-->[com.google.firebase:firebase-auth:23.2.1] AndroidManifest.xml:66:9-72:19
89            android:name="com.google.firebase.components.ComponentDiscoveryService"
89-->[com.google.firebase:firebase-auth:23.2.1] AndroidManifest.xml:67:13-84
90            android:directBootAware="true"
90-->[com.google.firebase:firebase-common:21.0.0] AndroidManifest.xml:32:13-43
91            android:exported="false" >
91-->[com.google.firebase:firebase-auth:23.2.1] AndroidManifest.xml:68:13-37
92            <meta-data
92-->[com.google.firebase:firebase-auth:23.2.1] AndroidManifest.xml:69:13-71:85
93                android:name="com.google.firebase.components:com.google.firebase.auth.FirebaseAuthRegistrar"
93-->[com.google.firebase:firebase-auth:23.2.1] AndroidManifest.xml:70:17-109
94                android:value="com.google.firebase.components.ComponentRegistrar" />
94-->[com.google.firebase:firebase-auth:23.2.1] AndroidManifest.xml:71:17-82
95            <meta-data
95-->[com.google.firebase:firebase-database-ktx:21.0.0] AndroidManifest.xml:12:13-14:85
96                android:name="com.google.firebase.components:com.google.firebase.database.ktx.FirebaseDatabaseLegacyRegistrar"
96-->[com.google.firebase:firebase-database-ktx:21.0.0] AndroidManifest.xml:13:17-127
97                android:value="com.google.firebase.components.ComponentRegistrar" />
97-->[com.google.firebase:firebase-database-ktx:21.0.0] AndroidManifest.xml:14:17-82
98            <meta-data
98-->[com.google.firebase:firebase-database:21.0.0] AndroidManifest.xml:29:13-31:85
99                android:name="com.google.firebase.components:com.google.firebase.database.FirebaseDatabaseKtxRegistrar"
99-->[com.google.firebase:firebase-database:21.0.0] AndroidManifest.xml:30:17-120
100                android:value="com.google.firebase.components.ComponentRegistrar" />
100-->[com.google.firebase:firebase-database:21.0.0] AndroidManifest.xml:31:17-82
101            <meta-data
101-->[com.google.firebase:firebase-database:21.0.0] AndroidManifest.xml:32:13-34:85
102                android:name="com.google.firebase.components:com.google.firebase.database.DatabaseRegistrar"
102-->[com.google.firebase:firebase-database:21.0.0] AndroidManifest.xml:33:17-109
103                android:value="com.google.firebase.components.ComponentRegistrar" />
103-->[com.google.firebase:firebase-database:21.0.0] AndroidManifest.xml:34:17-82
104            <meta-data
104-->[com.google.firebase:firebase-common-ktx:21.0.0] AndroidManifest.xml:12:13-14:85
105                android:name="com.google.firebase.components:com.google.firebase.ktx.FirebaseCommonLegacyRegistrar"
105-->[com.google.firebase:firebase-common-ktx:21.0.0] AndroidManifest.xml:13:17-116
106                android:value="com.google.firebase.components.ComponentRegistrar" />
106-->[com.google.firebase:firebase-common-ktx:21.0.0] AndroidManifest.xml:14:17-82
107            <meta-data
107-->[com.google.firebase:firebase-common:21.0.0] AndroidManifest.xml:35:13-37:85
108                android:name="com.google.firebase.components:com.google.firebase.FirebaseCommonKtxRegistrar"
108-->[com.google.firebase:firebase-common:21.0.0] AndroidManifest.xml:36:17-109
109                android:value="com.google.firebase.components.ComponentRegistrar" />
109-->[com.google.firebase:firebase-common:21.0.0] AndroidManifest.xml:37:17-82
110        </service>
111        <service
111-->[androidx.credentials:credentials-play-services-auth:1.2.0-rc01] AndroidManifest.xml:24:9-32:19
112            android:name="androidx.credentials.playservices.CredentialProviderMetadataHolder"
112-->[androidx.credentials:credentials-play-services-auth:1.2.0-rc01] AndroidManifest.xml:25:13-94
113            android:enabled="true"
113-->[androidx.credentials:credentials-play-services-auth:1.2.0-rc01] AndroidManifest.xml:26:13-35
114            android:exported="false" >
114-->[androidx.credentials:credentials-play-services-auth:1.2.0-rc01] AndroidManifest.xml:27:13-37
115            <meta-data
115-->[androidx.credentials:credentials-play-services-auth:1.2.0-rc01] AndroidManifest.xml:29:13-31:104
116                android:name="androidx.credentials.CREDENTIAL_PROVIDER_KEY"
116-->[androidx.credentials:credentials-play-services-auth:1.2.0-rc01] AndroidManifest.xml:30:17-76
117                android:value="androidx.credentials.playservices.CredentialProviderPlayServicesImpl" />
117-->[androidx.credentials:credentials-play-services-auth:1.2.0-rc01] AndroidManifest.xml:31:17-101
118        </service>
119
120        <activity
120-->[androidx.credentials:credentials-play-services-auth:1.2.0-rc01] AndroidManifest.xml:34:9-41:20
121            android:name="androidx.credentials.playservices.HiddenActivity"
121-->[androidx.credentials:credentials-play-services-auth:1.2.0-rc01] AndroidManifest.xml:35:13-76
122            android:configChanges="orientation|screenSize|screenLayout|keyboardHidden"
122-->[androidx.credentials:credentials-play-services-auth:1.2.0-rc01] AndroidManifest.xml:36:13-87
123            android:enabled="true"
123-->[androidx.credentials:credentials-play-services-auth:1.2.0-rc01] AndroidManifest.xml:37:13-35
124            android:exported="false"
124-->[androidx.credentials:credentials-play-services-auth:1.2.0-rc01] AndroidManifest.xml:38:13-37
125            android:fitsSystemWindows="true"
125-->[androidx.credentials:credentials-play-services-auth:1.2.0-rc01] AndroidManifest.xml:39:13-45
126            android:theme="@style/Theme.Hidden" >
126-->[androidx.credentials:credentials-play-services-auth:1.2.0-rc01] AndroidManifest.xml:40:13-48
127        </activity>
128        <activity
128-->[com.google.android.gms:play-services-auth:20.7.0] AndroidManifest.xml:23:9-27:75
129            android:name="com.google.android.gms.auth.api.signin.internal.SignInHubActivity"
129-->[com.google.android.gms:play-services-auth:20.7.0] AndroidManifest.xml:24:13-93
130            android:excludeFromRecents="true"
130-->[com.google.android.gms:play-services-auth:20.7.0] AndroidManifest.xml:25:13-46
131            android:exported="false"
131-->[com.google.android.gms:play-services-auth:20.7.0] AndroidManifest.xml:26:13-37
132            android:theme="@android:style/Theme.Translucent.NoTitleBar" />
132-->[com.google.android.gms:play-services-auth:20.7.0] AndroidManifest.xml:27:13-72
133        <!--
134            Service handling Google Sign-In user revocation. For apps that do not integrate with
135            Google Sign-In, this service will never be started.
136        -->
137        <service
137-->[com.google.android.gms:play-services-auth:20.7.0] AndroidManifest.xml:33:9-37:51
138            android:name="com.google.android.gms.auth.api.signin.RevocationBoundService"
138-->[com.google.android.gms:play-services-auth:20.7.0] AndroidManifest.xml:34:13-89
139            android:exported="true"
139-->[com.google.android.gms:play-services-auth:20.7.0] AndroidManifest.xml:35:13-36
140            android:permission="com.google.android.gms.auth.api.signin.permission.REVOCATION_NOTIFICATION"
140-->[com.google.android.gms:play-services-auth:20.7.0] AndroidManifest.xml:36:13-107
141            android:visibleToInstantApps="true" />
141-->[com.google.android.gms:play-services-auth:20.7.0] AndroidManifest.xml:37:13-48
142
143        <provider
143-->[com.google.firebase:firebase-common:21.0.0] AndroidManifest.xml:23:9-28:39
144            android:name="com.google.firebase.provider.FirebaseInitProvider"
144-->[com.google.firebase:firebase-common:21.0.0] AndroidManifest.xml:24:13-77
145            android:authorities="com.example.chatfirebase.firebaseinitprovider"
145-->[com.google.firebase:firebase-common:21.0.0] AndroidManifest.xml:25:13-72
146            android:directBootAware="true"
146-->[com.google.firebase:firebase-common:21.0.0] AndroidManifest.xml:26:13-43
147            android:exported="false"
147-->[com.google.firebase:firebase-common:21.0.0] AndroidManifest.xml:27:13-37
148            android:initOrder="100" />
148-->[com.google.firebase:firebase-common:21.0.0] AndroidManifest.xml:28:13-36
149        <provider
149-->[androidx.emoji2:emoji2:1.2.0] AndroidManifest.xml:24:9-32:20
150            android:name="androidx.startup.InitializationProvider"
150-->[androidx.emoji2:emoji2:1.2.0] AndroidManifest.xml:25:13-67
151            android:authorities="com.example.chatfirebase.androidx-startup"
151-->[androidx.emoji2:emoji2:1.2.0] AndroidManifest.xml:26:13-68
152            android:exported="false" >
152-->[androidx.emoji2:emoji2:1.2.0] AndroidManifest.xml:27:13-37
153            <meta-data
153-->[androidx.emoji2:emoji2:1.2.0] AndroidManifest.xml:29:13-31:52
154                android:name="androidx.emoji2.text.EmojiCompatInitializer"
154-->[androidx.emoji2:emoji2:1.2.0] AndroidManifest.xml:30:17-75
155                android:value="androidx.startup" />
155-->[androidx.emoji2:emoji2:1.2.0] AndroidManifest.xml:31:17-49
156            <meta-data
156-->[androidx.lifecycle:lifecycle-process:2.6.1] AndroidManifest.xml:29:13-31:52
157                android:name="androidx.lifecycle.ProcessLifecycleInitializer"
157-->[androidx.lifecycle:lifecycle-process:2.6.1] AndroidManifest.xml:30:17-78
158                android:value="androidx.startup" />
158-->[androidx.lifecycle:lifecycle-process:2.6.1] AndroidManifest.xml:31:17-49
159            <meta-data
159-->[androidx.profileinstaller:profileinstaller:1.3.0] AndroidManifest.xml:29:13-31:52
160                android:name="androidx.profileinstaller.ProfileInstallerInitializer"
160-->[androidx.profileinstaller:profileinstaller:1.3.0] AndroidManifest.xml:30:17-85
161                android:value="androidx.startup" />
161-->[androidx.profileinstaller:profileinstaller:1.3.0] AndroidManifest.xml:31:17-49
162        </provider>
163
164        <activity
164-->[com.google.android.gms:play-services-base:18.1.0] AndroidManifest.xml:20:9-22:45
165            android:name="com.google.android.gms.common.api.GoogleApiActivity"
165-->[com.google.android.gms:play-services-base:18.1.0] AndroidManifest.xml:20:19-85
166            android:exported="false"
166-->[com.google.android.gms:play-services-base:18.1.0] AndroidManifest.xml:22:19-43
167            android:theme="@android:style/Theme.Translucent.NoTitleBar" />
167-->[com.google.android.gms:play-services-base:18.1.0] AndroidManifest.xml:21:19-78
168
169        <meta-data
169-->[com.google.android.gms:play-services-basement:18.4.0] AndroidManifest.xml:6:9-122
170            android:name="com.google.android.gms.version"
170-->[com.google.android.gms:play-services-basement:18.4.0] AndroidManifest.xml:6:20-65
171            android:value="@integer/google_play_services_version" />
171-->[com.google.android.gms:play-services-basement:18.4.0] AndroidManifest.xml:6:66-119
172
173        <receiver
173-->[androidx.profileinstaller:profileinstaller:1.3.0] AndroidManifest.xml:34:9-52:20
174            android:name="androidx.profileinstaller.ProfileInstallReceiver"
174-->[androidx.profileinstaller:profileinstaller:1.3.0] AndroidManifest.xml:35:13-76
175            android:directBootAware="false"
175-->[androidx.profileinstaller:profileinstaller:1.3.0] AndroidManifest.xml:36:13-44
176            android:enabled="true"
176-->[androidx.profileinstaller:profileinstaller:1.3.0] AndroidManifest.xml:37:13-35
177            android:exported="true"
177-->[androidx.profileinstaller:profileinstaller:1.3.0] AndroidManifest.xml:38:13-36
178            android:permission="android.permission.DUMP" >
178-->[androidx.profileinstaller:profileinstaller:1.3.0] AndroidManifest.xml:39:13-57
179            <intent-filter>
179-->[androidx.profileinstaller:profileinstaller:1.3.0] AndroidManifest.xml:40:13-42:29
180                <action android:name="androidx.profileinstaller.action.INSTALL_PROFILE" />
180-->[androidx.profileinstaller:profileinstaller:1.3.0] AndroidManifest.xml:41:17-91
180-->[androidx.profileinstaller:profileinstaller:1.3.0] AndroidManifest.xml:41:25-88
181            </intent-filter>
182            <intent-filter>
182-->[androidx.profileinstaller:profileinstaller:1.3.0] AndroidManifest.xml:43:13-45:29
183                <action android:name="androidx.profileinstaller.action.SKIP_FILE" />
183-->[androidx.profileinstaller:profileinstaller:1.3.0] AndroidManifest.xml:44:17-85
183-->[androidx.profileinstaller:profileinstaller:1.3.0] AndroidManifest.xml:44:25-82
184            </intent-filter>
185            <intent-filter>
185-->[androidx.profileinstaller:profileinstaller:1.3.0] AndroidManifest.xml:46:13-48:29
186                <action android:name="androidx.profileinstaller.action.SAVE_PROFILE" />
186-->[androidx.profileinstaller:profileinstaller:1.3.0] AndroidManifest.xml:47:17-88
186-->[androidx.profileinstaller:profileinstaller:1.3.0] AndroidManifest.xml:47:25-85
187            </intent-filter>
188            <intent-filter>
188-->[androidx.profileinstaller:profileinstaller:1.3.0] AndroidManifest.xml:49:13-51:29
189                <action android:name="androidx.profileinstaller.action.BENCHMARK_OPERATION" />
189-->[androidx.profileinstaller:profileinstaller:1.3.0] AndroidManifest.xml:50:17-95
189-->[androidx.profileinstaller:profileinstaller:1.3.0] AndroidManifest.xml:50:25-92
190            </intent-filter>
191        </receiver> <!-- The activities will be merged into the manifest of the hosting app. -->
192        <activity
192-->[com.google.android.play:core-common:2.0.3] AndroidManifest.xml:14:9-18:65
193            android:name="com.google.android.play.core.common.PlayCoreDialogWrapperActivity"
193-->[com.google.android.play:core-common:2.0.3] AndroidManifest.xml:15:13-93
194            android:exported="false"
194-->[com.google.android.play:core-common:2.0.3] AndroidManifest.xml:16:13-37
195            android:stateNotNeeded="true"
195-->[com.google.android.play:core-common:2.0.3] AndroidManifest.xml:17:13-42
196            android:theme="@style/Theme.PlayCore.Transparent" />
196-->[com.google.android.play:core-common:2.0.3] AndroidManifest.xml:18:13-62
197    </application>
198
199</manifest>